CRITICAL - 2024-03-27 06:37:09 --> ErrorException: Undefined property: App\Controllers\Home::$input
in APPPATH\Controllers\Home.php on line 19.
 1 APPPATH\Controllers\Home.php(19): CodeIgniter\Debug\Exceptions->errorHandler(2, 'Undefined property: App\\Controllers\\Home::$input', 'C:\\wamp64\\www\\stripe-payment\\app\\Controllers\\Home.php', 19)
 2 SYSTEMPATH\CodeIgniter.php(941): App\Controllers\Home->process_payment()
 3 SYSTEMPATH\CodeIgniter.php(502): CodeIgniter\CodeIgniter->runController(Object(App\Controllers\Home))
 4 SYSTEMPATH\CodeIgniter.php(361): CodeIgniter\CodeIgniter->handleRequest(null, Object(Config\Cache), false)
 5 FCPATH\index.php(79): CodeIgniter\CodeIgniter->run()
CRITICAL - 2024-03-27 06:40:31 --> ErrorException: Undefined property: App\Controllers\Home::$input
in APPPATH\Controllers\Home.php on line 19.
 1 APPPATH\Controllers\Home.php(19): CodeIgniter\Debug\Exceptions->errorHandler(2, 'Undefined property: App\\Controllers\\Home::$input', 'C:\\wamp64\\www\\stripe-payment\\app\\Controllers\\Home.php', 19)
 2 SYSTEMPATH\CodeIgniter.php(941): App\Controllers\Home->process_payment()
 3 SYSTEMPATH\CodeIgniter.php(502): CodeIgniter\CodeIgniter->runController(Object(App\Controllers\Home))
 4 SYSTEMPATH\CodeIgniter.php(361): CodeIgniter\CodeIgniter->handleRequest(null, Object(Config\Cache), false)
 5 FCPATH\index.php(79): CodeIgniter\CodeIgniter->run()
CRITICAL - 2024-03-27 06:41:19 --> ErrorException: Undefined property: App\Controllers\Home::$input
in APPPATH\Controllers\Home.php on line 19.
 1 APPPATH\Controllers\Home.php(19): CodeIgniter\Debug\Exceptions->errorHandler(2, 'Undefined property: App\\Controllers\\Home::$input', 'C:\\wamp64\\www\\stripe-payment\\app\\Controllers\\Home.php', 19)
 2 SYSTEMPATH\CodeIgniter.php(941): App\Controllers\Home->process_payment()
 3 SYSTEMPATH\CodeIgniter.php(502): CodeIgniter\CodeIgniter->runController(Object(App\Controllers\Home))
 4 SYSTEMPATH\CodeIgniter.php(361): CodeIgniter\CodeIgniter->handleRequest(null, Object(Config\Cache), false)
 5 FCPATH\index.php(79): CodeIgniter\CodeIgniter->run()
CRITICAL - 2024-03-27 06:42:17 --> ErrorException: Undefined property: App\Controllers\Home::$input
in APPPATH\Controllers\Home.php on line 19.
 1 APPPATH\Controllers\Home.php(19): CodeIgniter\Debug\Exceptions->errorHandler(2, 'Undefined property: App\\Controllers\\Home::$input', 'C:\\wamp64\\www\\stripe-payment\\app\\Controllers\\Home.php', 19)
 2 SYSTEMPATH\CodeIgniter.php(941): App\Controllers\Home->process_payment()
 3 SYSTEMPATH\CodeIgniter.php(502): CodeIgniter\CodeIgniter->runController(Object(App\Controllers\Home))
 4 SYSTEMPATH\CodeIgniter.php(361): CodeIgniter\CodeIgniter->handleRequest(null, Object(Config\Cache), false)
 5 FCPATH\index.php(79): CodeIgniter\CodeIgniter->run()
CRITICAL - 2024-03-27 06:47:55 --> ErrorException: Undefined property: App\Controllers\Home::$input
in APPPATH\Controllers\Home.php on line 20.
 1 APPPATH\Controllers\Home.php(20): CodeIgniter\Debug\Exceptions->errorHandler(2, 'Undefined property: App\\Controllers\\Home::$input', 'C:\\wamp64\\www\\stripe-payment\\app\\Controllers\\Home.php', 20)
 2 SYSTEMPATH\CodeIgniter.php(941): App\Controllers\Home->process_payment()
 3 SYSTEMPATH\CodeIgniter.php(502): CodeIgniter\CodeIgniter->runController(Object(App\Controllers\Home))
 4 SYSTEMPATH\CodeIgniter.php(361): CodeIgniter\CodeIgniter->handleRequest(null, Object(Config\Cache), false)
 5 FCPATH\index.php(79): CodeIgniter\CodeIgniter->run()
CRITICAL - 2024-03-27 06:50:26 --> ErrorException: Undefined property: App\Controllers\Home::$input
in APPPATH\Controllers\Home.php on line 20.
 1 APPPATH\Controllers\Home.php(20): CodeIgniter\Debug\Exceptions->errorHandler(2, 'Undefined property: App\\Controllers\\Home::$input', 'C:\\wamp64\\www\\stripe-payment\\app\\Controllers\\Home.php', 20)
 2 SYSTEMPATH\CodeIgniter.php(941): App\Controllers\Home->process_payment()
 3 SYSTEMPATH\CodeIgniter.php(502): CodeIgniter\CodeIgniter->runController(Object(App\Controllers\Home))
 4 SYSTEMPATH\CodeIgniter.php(361): CodeIgniter\CodeIgniter->handleRequest(null, Object(Config\Cache), false)
 5 FCPATH\index.php(79): CodeIgniter\CodeIgniter->run()
CRITICAL - 2024-03-27 06:53:18 --> ErrorException: Undefined property: App\Controllers\Home::$input
in APPPATH\Controllers\Home.php on line 20.
 1 APPPATH\Controllers\Home.php(20): CodeIgniter\Debug\Exceptions->errorHandler(2, 'Undefined property: App\\Controllers\\Home::$input', 'C:\\wamp64\\www\\stripe-payment\\app\\Controllers\\Home.php', 20)
 2 SYSTEMPATH\CodeIgniter.php(941): App\Controllers\Home->process_payment()
 3 SYSTEMPATH\CodeIgniter.php(502): CodeIgniter\CodeIgniter->runController(Object(App\Controllers\Home))
 4 SYSTEMPATH\CodeIgniter.php(361): CodeIgniter\CodeIgniter->handleRequest(null, Object(Config\Cache), false)
 5 FCPATH\index.php(79): CodeIgniter\CodeIgniter->run()
CRITICAL - 2024-03-27 06:54:19 --> ErrorException: Undefined property: App\Controllers\Home::$input
in APPPATH\Controllers\Home.php on line 19.
 1 APPPATH\Controllers\Home.php(19): CodeIgniter\Debug\Exceptions->errorHandler(2, 'Undefined property: App\\Controllers\\Home::$input', 'C:\\wamp64\\www\\stripe-payment\\app\\Controllers\\Home.php', 19)
 2 SYSTEMPATH\CodeIgniter.php(941): App\Controllers\Home->process_payment()
 3 SYSTEMPATH\CodeIgniter.php(502): CodeIgniter\CodeIgniter->runController(Object(App\Controllers\Home))
 4 SYSTEMPATH\CodeIgniter.php(361): CodeIgniter\CodeIgniter->handleRequest(null, Object(Config\Cache), false)
 5 FCPATH\index.php(79): CodeIgniter\CodeIgniter->run()
CRITICAL - 2024-03-27 06:55:48 --> Error: Cannot call constructor
in APPPATH\Controllers\Home.php on line 11.
 1 SYSTEMPATH\CodeIgniter.php(913): App\Controllers\Home->__construct()
 2 SYSTEMPATH\CodeIgniter.php(493): CodeIgniter\CodeIgniter->createController()
 3 SYSTEMPATH\CodeIgniter.php(361): CodeIgniter\CodeIgniter->handleRequest(null, Object(Config\Cache), false)
 4 FCPATH\index.php(79): CodeIgniter\CodeIgniter->run()
CRITICAL - 2024-03-27 06:56:03 --> ErrorException: Undefined property: App\Controllers\Home::$input
in APPPATH\Controllers\Home.php on line 20.
 1 APPPATH\Controllers\Home.php(20): CodeIgniter\Debug\Exceptions->errorHandler(2, 'Undefined property: App\\Controllers\\Home::$input', 'C:\\wamp64\\www\\stripe-payment\\app\\Controllers\\Home.php', 20)
 2 SYSTEMPATH\CodeIgniter.php(941): App\Controllers\Home->process_payment()
 3 SYSTEMPATH\CodeIgniter.php(502): CodeIgniter\CodeIgniter->runController(Object(App\Controllers\Home))
 4 SYSTEMPATH\CodeIgniter.php(361): CodeIgniter\CodeIgniter->handleRequest(null, Object(Config\Cache), false)
 5 FCPATH\index.php(79): CodeIgniter\CodeIgniter->run()
CRITICAL - 2024-03-27 06:58:26 --> Stripe\Exception\AuthenticationException: Invalid API Key provided: sk_test_***********_key
in APPPATH\ThirdParty\stripe\lib\Exception\ApiErrorException.php on line 38.
 1 APPPATH\ThirdParty\stripe\lib\ApiRequestor.php(221): Stripe\Exception\ApiErrorException::factory('Invalid API Key provided: sk_test_***********_key', 401, '{
  "error": {
    "message": "Invalid API Key provided: sk_test_***********_key",
    "type": "invalid_request_error"
  }
}
', [...], Object(Stripe\Util\CaseInsensitiveArray), null)
 2 APPPATH\ThirdParty\stripe\lib\ApiRequestor.php(180): Stripe\ApiRequestor::_specificAPIError('{
  "error": {
    "message": "Invalid API Key provided: sk_test_***********_key",
    "type": "invalid_request_error"
  }
}
', 401, Object(Stripe\Util\CaseInsensitiveArray), [...], [...])
 3 APPPATH\ThirdParty\stripe\lib\ApiRequestor.php(564): Stripe\ApiRequestor->handleErrorResponse('{
  "error": {
    "message": "Invalid API Key provided: sk_test_***********_key",
    "type": "invalid_request_error"
  }
}
', 401, Object(Stripe\Util\CaseInsensitiveArray), [...])
 4 APPPATH\ThirdParty\stripe\lib\ApiRequestor.php(128): Stripe\ApiRequestor->_interpretResponse('{
  "error": {
    "message": "Invalid API Key provided: sk_test_***********_key",
    "type": "invalid_request_error"
  }
}
', 401, Object(Stripe\Util\CaseInsensitiveArray))
 5 APPPATH\ThirdParty\stripe\lib\ApiOperations\Request.php(109): Stripe\ApiRequestor->request('post', '/v1/charges', [...], [], [])
 6 APPPATH\ThirdParty\stripe\lib\ApiOperations\Create.php(25): Stripe\ApiResource::_staticRequest('post', '/v1/charges', [...], null)
 7 APPPATH\Controllers\Home.php(29): Stripe\Charge::create([...])
 8 SYSTEMPATH\CodeIgniter.php(941): App\Controllers\Home->process_payment()
 9 SYSTEMPATH\CodeIgniter.php(502): CodeIgniter\CodeIgniter->runController(Object(App\Controllers\Home))
10 SYSTEMPATH\CodeIgniter.php(361): CodeIgniter\CodeIgniter->handleRequest(null, Object(Config\Cache), false)
11 FCPATH\index.php(79): CodeIgniter\CodeIgniter->run()
